mode: set
github.com/myusufirfanh/go-demo-service/domain/product/usecase/usecase.go:16.99,21.2 1 0
github.com/myusufirfanh/go-demo-service/domain/product/usecase/usecase.go:24.87,26.2 1 0
github.com/myusufirfanh/go-demo-service/domain/product/usecase/usecase.go:28.93,34.16 4 1
github.com/myusufirfanh/go-demo-service/domain/product/usecase/usecase.go:39.2,39.42 1 1
github.com/myusufirfanh/go-demo-service/domain/product/usecase/usecase.go:43.2,43.18 1 1
github.com/myusufirfanh/go-demo-service/domain/product/usecase/usecase.go:34.16,37.3 2 0
github.com/myusufirfanh/go-demo-service/domain/product/usecase/usecase.go:39.42,42.3 2 0
github.com/myusufirfanh/go-demo-service/domain/product/usecase/usecase.go:47.96,49.2 1 1
github.com/myusufirfanh/go-demo-service/domain/product/usecase/usecase.go:52.50,54.2 1 1
github.com/myusufirfanh/go-demo-service/domain/product/usecase/usecase.go:57.42,59.2 1 1
github.com/myusufirfanh/go-demo-service/domain/product/usecase/usecase.go:62.68,65.2 2 1
